# JRE version: Java(TM) SE Runtime Environment 18.9 (11.0.15+8) (build 11.0.15+8-LTS-149)
# Java VM: Java HotSpot(TM) 64-Bit Server VM 18.9 (11.0.15+8-LTS-149, mixed mode, tiered, compressed oops, g1 gc, windows-amd64)
Heap:
 garbage-first heap   total 189440K, used 18628K [0x0000000080000000, 0x0000000100000000)
  region size 1024K, 6 young (6144K), 6 survivors (6144K)
 Metaspace       used 41385K, capacity 42644K, committed 42752K, reserved 1097728K
  class space    used 5260K, capacity 5818K, committed 5888K, reserved 1048576K
GC Heap History (10 events):
Event: 6.185 GC heap before
{Heap before GC invocations=8 (full 0):
 garbage-first heap   total 157696K, used 67197K [0x0000000080000000, 0x0000000100000000)
  region size 1024K, 60 young (61440K), 5 survivors (5120K)
 Metaspace       used 31356K, capacity 32347K, committed 32640K, reserved 1077248K
  class space    used 3766K, capacity 4170K, committed 4224K, reserved 1048576K
}
Event: 6.204 GC heap after
{Heap after GC invocations=9 (full 0):
 garbage-first heap   total 157696K, used 13589K [0x0000000080000000, 0x0000000100000000)
  region size 1024K, 5 young (5120K), 5 survivors (5120K)
 Metaspace       used 31356K, capacity 32347K, committed 32640K, reserved 1077248K
  class space    used 3766K, capacity 4170K, committed 4224K, reserved 1048576K
}
Event: 6.782 GC heap before
{Heap before GC invocations=9 (full 0):
 garbage-first heap   total 157696K, used 39189K [0x0000000080000000, 0x0000000100000000)
  region size 1024K, 31 young (31744K), 5 survivors (5120K)
 Metaspace       used 34502K, capacity 35502K, committed 35584K, reserved 1081344K
  class space    used 4195K, capacity 4607K, committed 4608K, reserved 1048576K
}
Event: 6.799 GC heap after
{Heap after GC invocations=10 (full 0):
 garbage-first heap   total 189440K, used 14486K [0x0000000080000000, 0x0000000100000000)
  region size 1024K, 6 young (6144K), 6 survivors (6144K)
 Metaspace       used 34502K, capacity 35502K, committed 35584K, reserved 1081344K
  class space    used 4195K, capacity 4607K, committed 4608K, reserved 1048576K
}
Event: 8.912 GC heap before
{Heap before GC invocations=11 (full 0):
 garbage-first heap   total 189440K, used 102550K [0x0000000080000000, 0x0000000100000000)
  region size 1024K, 92 young (94208K), 6 survivors (6144K)
 Metaspace       used 38839K, capacity 40057K, committed 40192K, reserved 1083392K
  class space    used 4794K, capacity 5299K, committed 5376K, reserved 1048576K
}
Event: 8.947 GC heap after
{Heap after GC invocations=12 (full 0):
 garbage-first heap   total 189440K, used 19221K [0x0000000080000000, 0x0000000100000000)
  region size 1024K, 11 young (11264K), 11 survivors (11264K)
 Metaspace       used 38839K, capacity 40057K, committed 40192K, reserved 1083392K
  class space    used 4794K, capacity 5299K, committed 5376K, reserved 1048576K
}
Event: 8.976 GC heap before
{Heap before GC invocations=12 (full 0):
 garbage-first heap   total 189440K, used 20245K [0x0000000080000000, 0x0000000100000000)
  region size 1024K, 13 young (13312K), 11 survivors (11264K)
 Metaspace       used 38890K, capacity 40066K, committed 40192K, reserved 1089536K
  class space    used 4797K, capacity 5302K, committed 5376K, reserved 1048576K
}
Event: 9.016 GC heap after
{Heap after GC invocations=13 (full 0):
 garbage-first heap   total 189440K, used 19652K [0x0000000080000000, 0x0000000100000000)
  region size 1024K, 7 young (7168K), 7 survivors (7168K)
 Metaspace       used 38890K, capacity 40066K, committed 40192K, reserved 1089536K
  class space    used 4797K, capacity 5302K, committed 5376K, reserved 1048576K
}
Event: 9.585 GC heap before
{Heap before GC invocations=14 (full 0):
 garbage-first heap   total 189440K, used 37060K [0x0000000080000000, 0x0000000100000000)
  region size 1024K, 25 young (25600K), 7 survivors (7168K)
 Metaspace       used 41385K, capacity 42644K, committed 42752K, reserved 1095680K
  class space    used 5260K, capacity 5818K, committed 5888K, reserved 1048576K
}
Event: 9.601 GC heap after
{Heap after GC invocations=15 (full 0):
 garbage-first heap   total 189440K, used 18628K [0x0000000080000000, 0x0000000100000000)
  region size 1024K, 6 young (6144K), 6 survivors (6144K)
 Metaspace       used 41385K, capacity 42644K, committed 42752K, reserved 1095680K
  class space    used 5260K, capacity 5818K, committed 5888K, reserved 1048576K
}

