# JRE version: Java(TM) SE Runtime Environment 18.9 (11.0.15+8) (build 11.0.15+8-LTS-149)
# Java VM: Java HotSpot(TM) 64-Bit Server VM 18.9 (11.0.15+8-LTS-149, mixed mode, tiered, compressed oops, g1 gc, windows-amd64)
Heap:
 garbage-first heap   total 157696K, used 11709K [0x0000000080000000, 0x0000000100000000)
  region size 1024K, 6 young (6144K), 6 survivors (6144K)
 Metaspace       used 31709K, capacity 32375K, committed 32384K, reserved 1085440K
  class space    used 3688K, capacity 3959K, committed 3968K, reserved 1048576K
GC Heap History (10 events):
Event: 2.353 GC heap before
{Heap before GC invocations=3 (full 0):
 garbage-first heap   total 131072K, used 19659K [0x0000000080000000, 0x0000000100000000)
  region size 1024K, 15 young (15360K), 2 survivors (2048K)
 Metaspace       used 14333K, capacity 14617K, committed 14848K, reserved 1062912K
  class space    used 1404K, capacity 1512K, committed 1536K, reserved 1048576K
}
Event: 2.360 GC heap after
{Heap after GC invocations=4 (full 0):
 garbage-first heap   total 131072K, used 7262K [0x0000000080000000, 0x0000000100000000)
  region size 1024K, 2 young (2048K), 2 survivors (2048K)
 Metaspace       used 14333K, capacity 14617K, committed 14848K, reserved 1062912K
  class space    used 1404K, capacity 1512K, committed 1536K, reserved 1048576K
}
Event: 3.423 GC heap before
{Heap before GC invocations=4 (full 0):
 garbage-first heap   total 131072K, used 26718K [0x0000000080000000, 0x0000000100000000)
  region size 1024K, 22 young (22528K), 2 survivors (2048K)
 Metaspace       used 18170K, capacity 18486K, committed 18560K, reserved 1064960K
  class space    used 1977K, capacity 2104K, committed 2176K, reserved 1048576K
}
Event: 3.436 GC heap after
{Heap after GC invocations=5 (full 0):
 garbage-first heap   total 157696K, used 8245K [0x0000000080000000, 0x0000000100000000)
  region size 1024K, 2 young (2048K), 2 survivors (2048K)
 Metaspace       used 18170K, capacity 18486K, committed 18560K, reserved 1064960K
  class space    used 1977K, capacity 2104K, committed 2176K, reserved 1048576K
}
Event: 3.892 GC heap before
{Heap before GC invocations=5 (full 0):
 garbage-first heap   total 157696K, used 21557K [0x0000000080000000, 0x0000000100000000)
  region size 1024K, 16 young (16384K), 2 survivors (2048K)
 Metaspace       used 20783K, capacity 21158K, committed 21296K, reserved 1069056K
  class space    used 2291K, capacity 2468K, committed 2560K, reserved 1048576K
}
Event: 3.900 GC heap after
{Heap after GC invocations=6 (full 0):
 garbage-first heap   total 157696K, used 8680K [0x0000000080000000, 0x0000000100000000)
  region size 1024K, 3 young (3072K), 3 survivors (3072K)
 Metaspace       used 20783K, capacity 21158K, committed 21296K, reserved 1069056K
  class space    used 2291K, capacity 2468K, committed 2560K, reserved 1048576K
}
Event: 4.681 GC heap before
{Heap before GC invocations=7 (full 0):
 garbage-first heap   total 157696K, used 40424K [0x0000000080000000, 0x0000000100000000)
  region size 1024K, 35 young (35840K), 3 survivors (3072K)
 Metaspace       used 27288K, capacity 27894K, committed 28032K, reserved 1073152K
  class space    used 3121K, capacity 3338K, committed 3456K, reserved 1048576K
}
Event: 4.692 GC heap after
{Heap after GC invocations=8 (full 0):
 garbage-first heap   total 157696K, used 9989K [0x0000000080000000, 0x0000000100000000)
  region size 1024K, 4 young (4096K), 4 survivors (4096K)
 Metaspace       used 27288K, capacity 27894K, committed 28032K, reserved 1073152K
  class space    used 3121K, capacity 3338K, committed 3456K, reserved 1048576K
}
Event: 6.163 GC heap before
{Heap before GC invocations=8 (full 0):
 garbage-first heap   total 157696K, used 39685K [0x0000000080000000, 0x0000000100000000)
  region size 1024K, 34 young (34816K), 4 survivors (4096K)
 Metaspace       used 31709K, capacity 32375K, committed 32384K, reserved 1083392K
  class space    used 3688K, capacity 3959K, committed 3968K, reserved 1048576K
}
Event: 6.178 GC heap after
{Heap after GC invocations=9 (full 0):
 garbage-first heap   total 157696K, used 11709K [0x0000000080000000, 0x0000000100000000)
  region size 1024K, 6 young (6144K), 6 survivors (6144K)
 Metaspace       used 31709K, capacity 32375K, committed 32384K, reserved 1083392K
  class space    used 3688K, capacity 3959K, committed 3968K, reserved 1048576K
}

