# JRE version: Java(TM) SE Runtime Environment 18.9 (11.0.15+8) (build 11.0.15+8-LTS-149)
# Java VM: Java HotSpot(TM) 64-Bit Server VM 18.9 (11.0.15+8-LTS-149, mixed mode, tiered, compressed oops, g1 gc, windows-amd64)
Heap:
 garbage-first heap   total 173056K, used 41429K [0x0000000080000000, 0x0000000100000000)
  region size 1024K, 38 young (38912K), 3 survivors (3072K)
 Metaspace       used 26925K, capacity 27577K, committed 27824K, reserved 1073152K
  class space    used 2996K, capacity 3240K, committed 3328K, reserved 1048576K
GC Heap History (10 events):
Event: 0.626 GC heap before
{Heap before GC invocations=0 (full 0):
 garbage-first heap   total 131072K, used 6144K [0x0000000080000000, 0x0000000100000000)
  region size 1024K, 7 young (7168K), 0 survivors (0K)
 Metaspace       used 6074K, capacity 6151K, committed 6272K, reserved 1056768K
  class space    used 520K, capacity 538K, committed 640K, reserved 1048576K
}
Event: 0.653 GC heap after
{Heap after GC invocations=1 (full 0):
 garbage-first heap   total 131072K, used 4141K [0x0000000080000000, 0x0000000100000000)
  region size 1024K, 1 young (1024K), 1 survivors (1024K)
 Metaspace       used 6074K, capacity 6151K, committed 6272K, reserved 1056768K
  class space    used 520K, capacity 538K, committed 640K, reserved 1048576K
}
Event: 0.988 GC heap before
{Heap before GC invocations=1 (full 0):
 garbage-first heap   total 131072K, used 9261K [0x0000000080000000, 0x0000000100000000)
  region size 1024K, 6 young (6144K), 1 survivors (1024K)
 Metaspace       used 9128K, capacity 9267K, committed 9344K, reserved 1058816K
  class space    used 819K, capacity 874K, committed 896K, reserved 1048576K
}
Event: 0.993 GC heap after
{Heap after GC invocations=2 (full 0):
 garbage-first heap   total 131072K, used 5334K [0x0000000080000000, 0x0000000100000000)
  region size 1024K, 1 young (1024K), 1 survivors (1024K)
 Metaspace       used 9128K, capacity 9267K, committed 9344K, reserved 1058816K
  class space    used 819K, capacity 874K, committed 896K, reserved 1048576K
}
Event: 1.354 GC heap before
{Heap before GC invocations=2 (full 0):
 garbage-first heap   total 131072K, used 15574K [0x0000000080000000, 0x0000000100000000)
  region size 1024K, 11 young (11264K), 1 survivors (1024K)
 Metaspace       used 12045K, capacity 12214K, committed 12288K, reserved 1060864K
  class space    used 1181K, capacity 1265K, committed 1280K, reserved 1048576K
}
Event: 1.360 GC heap after
{Heap after GC invocations=3 (full 0):
 garbage-first heap   total 131072K, used 6002K [0x0000000080000000, 0x0000000100000000)
  region size 1024K, 2 young (2048K), 2 survivors (2048K)
 Metaspace       used 12045K, capacity 12214K, committed 12288K, reserved 1060864K
  class space    used 1181K, capacity 1265K, committed 1280K, reserved 1048576K
}
Event: 1.810 GC heap before
{Heap before GC invocations=3 (full 0):
 garbage-first heap   total 131072K, used 20338K [0x0000000080000000, 0x0000000100000000)
  region size 1024K, 17 young (17408K), 2 survivors (2048K)
 Metaspace       used 15958K, capacity 16275K, committed 16384K, reserved 1064960K
  class space    used 1588K, capacity 1733K, committed 1792K, reserved 1048576K
}
Event: 1.817 GC heap after
{Heap after GC invocations=4 (full 0):
 garbage-first heap   total 131072K, used 6770K [0x0000000080000000, 0x0000000100000000)
  region size 1024K, 2 young (2048K), 2 survivors (2048K)
 Metaspace       used 15958K, capacity 16275K, committed 16384K, reserved 1064960K
  class space    used 1588K, capacity 1733K, committed 1792K, reserved 1048576K
}
Event: 2.376 GC heap before
{Heap before GC invocations=4 (full 0):
 garbage-first heap   total 131072K, used 28274K [0x0000000080000000, 0x0000000100000000)
  region size 1024K, 24 young (24576K), 2 survivors (2048K)
 Metaspace       used 20755K, capacity 21186K, committed 21296K, reserved 1069056K
  class space    used 2235K, capacity 2408K, committed 2432K, reserved 1048576K
}
Event: 2.385 GC heap after
{Heap after GC invocations=5 (full 0):
 garbage-first heap   total 173056K, used 7637K [0x0000000080000000, 0x0000000100000000)
  region size 1024K, 3 young (3072K), 3 survivors (3072K)
 Metaspace       used 20755K, capacity 21186K, committed 21296K, reserved 1069056K
  class space    used 2235K, capacity 2408K, committed 2432K, reserved 1048576K
}

