# JRE version: Java(TM) SE Runtime Environment 18.9 (11.0.15+8) (build 11.0.15+8-LTS-149)
# Java VM: Java HotSpot(TM) 64-Bit Server VM 18.9 (11.0.15+8-LTS-149, mixed mode, tiered, compressed oops, g1 gc, windows-amd64)
Heap:
 garbage-first heap   total 157696K, used 101181K [0x0000000080000000, 0x0000000100000000)
  region size 1024K, 87 young (89088K), 9 survivors (9216K)
 Metaspace       used 49519K, capacity 50800K, committed 50896K, reserved 1093632K
  class space    used 5990K, capacity 6524K, committed 6528K, reserved 1048576K
GC Heap History (10 events):
Event: 5.498 GC heap before
{Heap before GC invocations=4 (full 0):
 garbage-first heap   total 131072K, used 26314K [0x0000000080000000, 0x0000000100000000)
  region size 1024K, 23 young (23552K), 2 survivors (2048K)
 Metaspace       used 20783K, capacity 21239K, committed 21296K, reserved 1069056K
  class space    used 2230K, capacity 2423K, committed 2432K, reserved 1048576K
}
Event: 5.507 GC heap after
{Heap after GC invocations=5 (full 0):
 garbage-first heap   total 131072K, used 7719K [0x0000000080000000, 0x0000000100000000)
  region size 1024K, 3 young (3072K), 3 survivors (3072K)
 Metaspace       used 20783K, capacity 21239K, committed 21296K, reserved 1069056K
  class space    used 2230K, capacity 2423K, committed 2432K, reserved 1048576K
}
Event: 8.255 GC heap before
{Heap before GC invocations=6 (full 0):
 garbage-first heap   total 131072K, used 47655K [0x0000000080000000, 0x0000000100000000)
  region size 1024K, 43 young (44032K), 3 survivors (3072K)
 Metaspace       used 27350K, capacity 27981K, committed 28080K, reserved 1075200K
  class space    used 3046K, capacity 3289K, committed 3328K, reserved 1048576K
}
Event: 8.277 GC heap after
{Heap after GC invocations=7 (full 0):
 garbage-first heap   total 131072K, used 9685K [0x0000000080000000, 0x0000000100000000)
  region size 1024K, 5 young (5120K), 5 survivors (5120K)
 Metaspace       used 27350K, capacity 27981K, committed 28080K, reserved 1075200K
  class space    used 3046K, capacity 3289K, committed 3328K, reserved 1048576K
}
Event: 14.410 GC heap before
{Heap before GC invocations=7 (full 0):
 garbage-first heap   total 131072K, used 82389K [0x0000000080000000, 0x0000000100000000)
  region size 1024K, 76 young (77824K), 5 survivors (5120K)
 Metaspace       used 31635K, capacity 32362K, committed 32560K, reserved 1077248K
  class space    used 3591K, capacity 3894K, committed 3968K, reserved 1048576K
}
Event: 14.435 GC heap after
{Heap after GC invocations=8 (full 0):
 garbage-first heap   total 131072K, used 13587K [0x0000000080000000, 0x0000000100000000)
  region size 1024K, 8 young (8192K), 8 survivors (8192K)
 Metaspace       used 31635K, capacity 32362K, committed 32560K, reserved 1077248K
  class space    used 3591K, capacity 3894K, committed 3968K, reserved 1048576K
}
Event: 17.223 GC heap before
{Heap before GC invocations=8 (full 0):
 garbage-first heap   total 131072K, used 50451K [0x0000000080000000, 0x0000000100000000)
  region size 1024K, 45 young (46080K), 8 survivors (8192K)
 Metaspace       used 34909K, capacity 35795K, committed 35920K, reserved 1081344K
  class space    used 3995K, capacity 4323K, committed 4352K, reserved 1048576K
}
Event: 17.254 GC heap after
{Heap after GC invocations=9 (full 0):
 garbage-first heap   total 131072K, used 15961K [0x0000000080000000, 0x0000000100000000)
  region size 1024K, 7 young (7168K), 7 survivors (7168K)
 Metaspace       used 34909K, capacity 35795K, committed 35920K, reserved 1081344K
  class space    used 3995K, capacity 4323K, committed 4352K, reserved 1048576K
}
Event: 27.010 GC heap before
{Heap before GC invocations=10 (full 0):
 garbage-first heap   total 131072K, used 83545K [0x0000000080000000, 0x0000000100000000)
  region size 1024K, 73 young (74752K), 7 survivors (7168K)
 Metaspace       used 41156K, capacity 42163K, committed 42448K, reserved 1087488K
  class space    used 4778K, capacity 5208K, committed 5248K, reserved 1048576K
}
Event: 27.140 GC heap after
{Heap after GC invocations=11 (full 0):
 garbage-first heap   total 157696K, used 22333K [0x0000000080000000, 0x0000000100000000)
  region size 1024K, 9 young (9216K), 9 survivors (9216K)
 Metaspace       used 41156K, capacity 42163K, committed 42448K, reserved 1087488K
  class space    used 4778K, capacity 5208K, committed 5248K, reserved 1048576K
}

