# JRE version: Java(TM) SE Runtime Environment 18.9 (11.0.15+8) (build 11.0.15+8-LTS-149)
# Java VM: Java HotSpot(TM) 64-Bit Server VM 18.9 (11.0.15+8-LTS-149, mixed mode, tiered, compressed oops, g1 gc, windows-amd64)
Heap:
 garbage-first heap   total 157696K, used 6463K [0x0000000080000000, 0x0000000100000000)
  region size 1024K, 3 young (3072K), 3 survivors (3072K)
 Metaspace       used 20711K, capacity 21210K, committed 21296K, reserved 1069056K
  class space    used 2235K, capacity 2411K, committed 2432K, reserved 1048576K
GC Heap History (9 events):
Event: 0.760 GC heap before
{Heap before GC invocations=0 (full 0):
 garbage-first heap   total 131072K, used 6144K [0x0000000080000000, 0x0000000100000000)
  region size 1024K, 7 young (7168K), 0 survivors (0K)
 Metaspace       used 8189K, capacity 8306K, committed 8448K, reserved 1056768K
  class space    used 734K, capacity 767K, committed 768K, reserved 1048576K
}
Event: 0.767 GC heap after
{Heap after GC invocations=1 (full 0):
 garbage-first heap   total 131072K, used 3006K [0x0000000080000000, 0x0000000100000000)
  region size 1024K, 1 young (1024K), 1 survivors (1024K)
 Metaspace       used 8189K, capacity 8306K, committed 8448K, reserved 1056768K
  class space    used 734K, capacity 767K, committed 768K, reserved 1048576K
}
Event: 1.068 GC heap before
{Heap before GC invocations=1 (full 0):
 garbage-first heap   total 131072K, used 8126K [0x0000000080000000, 0x0000000100000000)
  region size 1024K, 6 young (6144K), 1 survivors (1024K)
 Metaspace       used 9908K, capacity 10082K, committed 10240K, reserved 1058816K
  class space    used 908K, capacity 955K, committed 1024K, reserved 1048576K
}
Event: 1.073 GC heap after
{Heap after GC invocations=2 (full 0):
 garbage-first heap   total 131072K, used 4096K [0x0000000080000000, 0x0000000100000000)
  region size 1024K, 1 young (1024K), 1 survivors (1024K)
 Metaspace       used 9908K, capacity 10082K, committed 10240K, reserved 1058816K
  class space    used 908K, capacity 955K, committed 1024K, reserved 1048576K
}
Event: 1.595 GC heap before
{Heap before GC invocations=2 (full 0):
 garbage-first heap   total 131072K, used 15360K [0x0000000080000000, 0x0000000100000000)
  region size 1024K, 12 young (12288K), 1 survivors (1024K)
 Metaspace       used 13651K, capacity 13835K, committed 14080K, reserved 1062912K
  class space    used 1346K, capacity 1427K, committed 1536K, reserved 1048576K
}
Event: 1.601 GC heap after
{Heap after GC invocations=3 (full 0):
 garbage-first heap   total 131072K, used 4889K [0x0000000080000000, 0x0000000100000000)
  region size 1024K, 2 young (2048K), 2 survivors (2048K)
 Metaspace       used 13651K, capacity 13835K, committed 14080K, reserved 1062912K
  class space    used 1346K, capacity 1427K, committed 1536K, reserved 1048576K
}
Event: 2.264 GC heap before
{Heap before GC invocations=3 (full 0):
 garbage-first heap   total 131072K, used 20249K [0x0000000080000000, 0x0000000100000000)
  region size 1024K, 18 young (18432K), 2 survivors (2048K)
 Metaspace       used 17702K, capacity 18155K, committed 18304K, reserved 1064960K
  class space    used 1908K, capacity 2093K, committed 2176K, reserved 1048576K
}
Event: 2.274 GC heap after
{Heap after GC invocations=4 (full 0):
 garbage-first heap   total 131072K, used 6007K [0x0000000080000000, 0x0000000100000000)
  region size 1024K, 2 young (2048K), 2 survivors (2048K)
 Metaspace       used 17702K, capacity 18155K, committed 18304K, reserved 1064960K
  class space    used 1908K, capacity 2093K, committed 2176K, reserved 1048576K
}
Event: 2.671 GC heap before
{Heap before GC invocations=4 (full 0):
 garbage-first heap   total 131072K, used 18295K [0x0000000080000000, 0x0000000100000000)
  region size 1024K, 15 young (15360K), 2 survivors (2048K)
 Metaspace       used 20711K, capacity 21210K, committed 21296K, reserved 1069056K
  class space    used 2235K, capacity 2411K, committed 2432K, reserved 1048576K
}

